<?xml version="1.0" encoding="UTF-8"?>
<testsuite name="VendingMachineTest" tests="1" skipped="0" failures="0" errors="0" timestamp="2022-12-22T16:19:08" hostname="AT-ALJLQ6P5" time="0.013">
  <properties/>
  <testcase name="reset()" classname="VendingMachineTest" time="0.013"/>
  <system-out><![CDATA[]]></system-out>
  <system-err><![CDATA[]]></system-err>
</testsuite>
